<?xml version="1.0" encoding="UTF-8"?>
<!-- Generated by org.testng.reporters.JUnitReportReporter -->
<testsuite skipped="0" hostname="DESKTOP-DEJ7TJS" name="kommothtestcase.Komoothfootertestcase" tests="1" failures="0" timestamp="2020-08-06T15:17:36 CEST" time="32.834" errors="0">
  <testcase name="footer" time="32.834" classname="kommothtestcase.Komoothfootertestcase"/>
  <system-out/>
</testsuite> <!-- kommothtestcase.Komoothfootertestcase -->
