<?xml version="1.0" encoding="UTF-8"?>
<!-- Generated by org.testng.reporters.JUnitReportReporter -->
<testsuite skipped="0" hostname="DESKTOP-DEJ7TJS" name="kommothtestcase.Komoothsignuptestcase" tests="1" failures="0" timestamp="2020-08-06T15:32:52 CEST" time="25.010" errors="0">
  <testcase name="signup" time="25.010" classname="kommothtestcase.Komoothsignuptestcase"/>
  <system-out/>
</testsuite> <!-- kommothtestcase.Komoothsignuptestcase -->
