<?xml version="1.0" encoding="UTF-8"?>
<!-- Generated by org.testng.reporters.JUnitReportReporter -->
<testsuite skipped="0" hostname="DESKTOP-DEJ7TJS" name="kommothtestcase.Kommothtestcaseheader" tests="1" failures="0" timestamp="2020-08-06T15:32:52 CEST" time="25.975" errors="0">
  <testcase name="homepage" time="25.975" classname="kommothtestcase.Kommothtestcaseheader"/>
  <system-out/>
</testsuite> <!-- kommothtestcase.Kommothtestcaseheader -->
